1712867401065:help
1712867674582:load
1712867701558:load --name a_lot_of_cars.txt
1713032659096:load test.txt
1713032667620:stacktrace
1713032745916:load test.txt
1713032753883:stacktrace
1713032819590:load test.txt
1713034712089:load test
1713040839288:load test.txt
1713040886662:load test
1713104929382:load sss
1713104958909:stacktrace
1713105303377:load tesst
1713105363142:load sss
1713105381752:load 232
1713106146401:load sdgh
1713106155485:load 3434
1713106173392:load test
1713106277650:load load
1713106282647:load test
1713106287760:load test.txt
1713106755234:load yt
1713106760857:load test
1713107061488:load ss
1713107065683:load test
1713108678707:load sss
1713111218008:load test
1713121905146:load test1
1713125351024:load test s
1713125374696:load test w
1713125419887:load s s
1713125429955:load test1 max
1713125481657:load test1 halef
1713126112479:load test1 2
1713126133425:load test1 s
1713126149325:help
1713126881599:load test1 max
1713126892576:load test1 half
1713127678040:load test half
1713127813520:load test1 type
1713127835193:load test type
1713127912661:load test half
1713129065787:load test1 max
1713129074917:load test1 half
1713129085930:load test1 type
1713129144014:load test1 max
1713129150296:load test1 half
1713129158502:load test1 type
1713129205124:load test1 max
1713129215813:load test1 half
1713129225507:load test1 type
1713130113707:load test max
1713131024033:load test maxx
1713131028322:load test max
1713131306408:load test half
1713173271904:load test max
1713178442693:load test mex
1713178446754:load test max
1713179135102:load test1 max
1713179169352:load test1 half
1713179303700:load test type
1713179374583:load test max
1713186940287:load test half
1713188164533:load test1 max
1713190122988:load test1 mss
1713190240228:load test1 mm
1713190325784:load test1 max
1713191332899:load testt max
1713191403756:load tesss max
1713191462876:load test1 max
1713192568907:load test max
1713192695488:load test type
1713192876589:load test half
1713193507250:load test max
1713194064877:load sdsdsd sad
1713194458680:load test max
1713260517983:load test half
1713260539827:load test max
1713260619295:load test half
1713260635671:load test type
1713260699058:load test sss
1713260851869:load test max
1713263034610:load test1 max
1713263057374:load test max
1713263078144:load test1 max
1713263143205:load test half
1713263669561:load test max
1713263703597:load sdsd max
1713263786065:load tesss.xml max
1713263900170:load test max
1713263988935:load test1 type
1713266852330:load sdsd max
1713266866115:load test ss
1713266876349:load test max
1713267005419:load test1 max
1713267140390:load test max
1713270026419:load test1 max
1713270030076:load sdsd max
1713270354035:load test1 half
1713270385862:load test1 maaax
1713270526866:load test max
1713270741617:load test1 half
1713272435328:load test1 max
1713277279959:load test1 half
1713277496241:load test max
1713278832228:load test1 type
1713279402688:load test type
1713281525012:check cargo_list.json
1713282329855:check cargo_load.json
1713282347066:check cargo_list.json
1713289597414:load test1 max
1713289648103:check one.json
1713291727110:check cargo_list.json
1713291785038:check one.json
1713291825441:check cargo_list.json
1713291898659:check one.json
1713292075933:check cargo_list.json
1713292127656:check one.json
1713294216097:check cargo_list.json
1713294289542:check one.json
1713294577249:check cargo_list.json
1713343195945:check one.json
1713343543303:load test type 2
1713343677375:load test type 9
1713343686109:load test type 10
1713344017830:load test type 9
1713344567922:load test max 9
1713344588142:load test type 9
1713344908716:load test max 5
1713344953739:load test max 2
1713345450503:load test max 1
1713345574352:load test 2 max
1713345582231:load test max 2
1713345663166:load test max 7
1713345781241:load test max 2
1713345788512:load test max 6
1713345937773:check one.json
1713345975925:check cargo_list.json
1713346013965:check one
1713346083657:check cargo_list
1713346597617:check many
1713346762059:check one
1713346769555:check many
1713346793570:check cargo_list
1713346825099:check ss
1713347015962:check many
1713347610008:check error
1713354837107:load test1 max
1713354848156:load test1 max 2
1713354865813:load test1 max
1713354876220:stacktrace
